#
# There is insufficient memory for the Java Runtime Environment to continue.
# Native memory allocation (mmap) failed to map 266338304 bytes for G1 virtual space
# Possible reasons:
#   The system is out of physical RAM or swap space
#   The process is running with CompressedOops enabled, and the Java Heap may be blocking the growth of the native heap
# Possible solutions:
#   Reduce memory load on the system
#   Increase physical memory or swap space
#   Check if swap backing store is full
#   Decrease Java heap size (-Xmx/-Xms)
#   Decrease number of Java threads
#   Decrease Java thread stack sizes (-Xss)
#   Set larger code cache with -XX:ReservedCodeCacheSize=
#   JVM is running with Zero Based Compressed Oops mode in which the Java heap is
#     placed in the first 32GB address space. The Java Heap base address is the
#     maximum limit for the native heap growth. Please use -XX:HeapBaseMinAddress
#     to set the Java Heap base and to place the Java Heap above 32GB virtual address.
# This output file may be truncated or incomplete.
#
#  Out of Memory Error (./open/src/hotspot/os/windows/os_windows.cpp:3472), pid=8536, tid=19628
#
# JRE version:  (15.0+36) (build )
# Java VM: Java HotSpot(TM) 64-Bit Server VM (15+36-1562, mixed mode, sharing, tiered, compressed oops, g1 gc, windows-amd64)
# No core dump will be written. Minidumps are not enabled by default on client versions of Windows
#

---------------  S U M M A R Y ------------

Command Line: -Dfile.encoding=Cp1252 -XX:+ShowCodeDetailsInExceptionMessages snake.Application

Host: Intel(R) Core(TM) i7-9750H CPU @ 2.60GHz, 12 cores, 15G,  Windows 10 , 64 bit Build 18362 (10.0.18362.1082)
Time: Tue Sep 22 13:19:55 2020 Hora Padrão de Caracas elapsed time: 0.022171 seconds (0d 0h 0m 0s)

---------------  T H R E A D  ---------------

Current thread (0x0000027e54717410):  JavaThread "Unknown thread" [_thread_in_vm, id=19628, stack(0x000000d7c3600000,0x000000d7c3700000)]

Stack: [0x000000d7c3600000,0x000000d7c3700000]
Native frames: (J=compiled Java code, j=interpreted, Vv=VM code, C=native code)
V  [jvm.dll+0x629eaa]
V  [jvm.dll+0x780379]
V  [jvm.dll+0x781ad3]
V  [jvm.dll+0x782133]
V  [jvm.dll+0x2159d5]
V  [jvm.dll+0x627299]
V  [jvm.dll+0x61bdd5]
V  [jvm.dll+0x2cf96d]
V  [jvm.dll+0x2cf7d2]
V  [jvm.dll+0x2d57ac]
V  [jvm.dll+0x32523a]
V  [jvm.dll+0x324904]
V  [jvm.dll+0x2a68ea]
V  [jvm.dll+0x2a7a88]
V  [jvm.dll+0x75d0f1]
V  [jvm.dll+0x333af4]
V  [jvm.dll+0x73d816]
V  [jvm.dll+0x3b68e7]
V  [jvm.dll+0x3b8371]
C  [jli.dll+0x52fb]
C  [ucrtbase.dll+0x20e82]
C  [KERNEL32.DLL+0x17bd4]
C  [ntdll.dll+0x6ce51]


---------------  P R O C E S S  ---------------

Threads class SMR info:
_java_thread_list=0x00007ffa9b352fa0, length=0, elements={
}

Java Threads: ( => current thread )

Other Threads:
  0x0000027e54768c10 GCTaskThread "GC Thread#0" [stack: 0x000000d7c3700000,0x000000d7c3800000] [id=11916]
  0x0000027e54779a30 ConcurrentGCThread "G1 Main Marker" [stack: 0x000000d7c3800000,0x000000d7c3900000] [id=11824]
  0x0000027e5477acc0 ConcurrentGCThread "G1 Conc#0" [stack: 0x000000d7c3900000,0x000000d7c3a00000] [id=18748]

[error occurred during error reporting (printing all threads), id 0xc0000005, EXCEPTION_ACCESS_VIOLATION (0xc0000005) at pc=0x00007ffa9ab477b7]

VM state: not at safepoint (not fully initialized)

VM Mutex/Monitor currently owned by a thread:  ([mutex/lock_event])
[0x0000027e54713240] Heap_lock - owner thread: 0x0000027e54717410

Heap address: 0x0000000702200000, size: 4062 MB, Compressed Oops mode: Zero based, Oop shift amount: 3
CDS archive(s) mapped at: [0x0000000000000000-0x0000000000000000-0x0000000000000000), size 0, SharedBaseAddress: 0x0000000800000000, ArchiveRelocationMode: 0.
Narrow klass base: 0x0000000000000000, Narrow klass shift: 0, Narrow klass range: 0x0

Heap:
 garbage-first heap   total 260096K, used 0K [0x0000000702200000, 0x0000000800000000)
  region size 2048K, 0 young (0K), 0 survivors (0K)
 Metaspace       used 0K, capacity 0K, committed 0K, reserved 0K
  class space    used 0K, capacity 0K, committed 0K, reserved 0K

Heap Regions: E=young(eden), S=young(survivor), O=old, HS=humongous(starts), HC=humongous(continues), CS=collection set, F=free, OA=open archive, CA=closed archive, TAMS=top-at-mark-start (previous, next)

Card table byte_map: [0x0000027e6c680000,0x0000027e6ce70000] _byte_map_base: 0x0000027e68e6f000

Marking Bits (Prev, Next): (CMBitMap*) 0x0000027e54769300, (CMBitMap*) 0x0000027e54769340
 Prev Bits: [0x0000027e6d660000, 0x0000027e715d8000)
 Next Bits: [0x0000027e715e0000, 0x0000027e75558000)

GC Heap History (0 events):
No events

Deoptimization events (0 events):
No events

Classes unloaded (0 events):
No events

Classes redefined (0 events):
No events

Internal exceptions (0 events):
No events

Events (1 events):
Event: 0.004 Loaded shared library C:\Program Files\Java\jdk-15\bin\java.dll


Dynamic libraries:
0x00007ff739eb0000 - 0x00007ff739ebf000 	C:\Program Files\Java\jdk-15\bin\javaw.exe
0x00007ffb570a0000 - 0x00007ffb57290000 	C:\Windows\SYSTEM32\ntdll.dll
0x00007ffb557d0000 - 0x00007ffb55882000 	C:\Windows\System32\KERNEL32.DLL
0x00007ffb54b90000 - 0x00007ffb54e35000 	C:\Windows\System32\KERNELBASE.dll
0x00007ffb54ed0000 - 0x00007ffb54fca000 	C:\Windows\System32\ucrtbase.dll
0x00007ffaff040000 - 0x00007ffaff058000 	C:\Program Files\Java\jdk-15\bin\jli.dll
0x00007ffaf90f0000 - 0x00007ffaf9109000 	C:\Program Files\Java\jdk-15\bin\VCRUNTIME140.dll
0x00007ffb55900000 - 0x00007ffb559a3000 	C:\Windows\System32\ADVAPI32.dll
0x00007ffb55400000 - 0x00007ffb5549e000 	C:\Windows\System32\msvcrt.dll
0x00007ffb56a00000 - 0x00007ffb56a97000 	C:\Windows\System32\sechost.dll
0x00007ffb55a10000 - 0x00007ffb55b30000 	C:\Windows\System32\RPCRT4.dll
0x00007ffb55630000 - 0x00007ffb557c5000 	C:\Windows\System32\USER32.dll
0x00007ffb54360000 - 0x00007ffb54381000 	C:\Windows\System32\win32u.dll
0x00007ffb41f30000 - 0x00007ffb421b4000 	C:\Windows\WinSxS\amd64_microsoft.windows.common-controls_6595b64144ccf1df_6.0.18362.1082_none_9e8193e1e45b25c1\COMCTL32.dll
0x00007ffb569d0000 - 0x00007ffb569f6000 	C:\Windows\System32\GDI32.dll
0x00007ffb56c70000 - 0x00007ffb56fa5000 	C:\Windows\System32\combase.dll
0x00007ffb541c0000 - 0x00007ffb54356000 	C:\Windows\System32\gdi32full.dll
0x00007ffb54fd0000 - 0x00007ffb5506e000 	C:\Windows\System32\msvcp_win.dll
0x00007ffb54390000 - 0x00007ffb54410000 	C:\Windows\System32\bcryptPrimitives.dll
0x00007ffb4e120000 - 0x00007ffb4e12a000 	C:\Windows\SYSTEM32\VERSION.dll
0x00007ffb553d0000 - 0x00007ffb553fe000 	C:\Windows\System32\IMM32.DLL
0x00007ffb41630000 - 0x00007ffb4163c000 	C:\Program Files\Java\jdk-15\bin\vcruntime140_1.dll
0x00007ffaa7800000 - 0x00007ffaa7891000 	C:\Program Files\Java\jdk-15\bin\msvcp140.dll
0x00007ffa9a890000 - 0x00007ffa9b3ec000 	C:\Program Files\Java\jdk-15\bin\server\jvm.dll
0x00007ffb57020000 - 0x00007ffb57028000 	C:\Windows\System32\PSAPI.DLL
0x00007ffb50310000 - 0x00007ffb50334000 	C:\Windows\SYSTEM32\WINMM.dll
0x00007ffb3e6f0000 - 0x00007ffb3e6f9000 	C:\Windows\SYSTEM32\WSOCK32.dll
0x00007ffb55890000 - 0x00007ffb558ff000 	C:\Windows\System32\WS2_32.dll
0x00007ffb502e0000 - 0x00007ffb5030d000 	C:\Windows\SYSTEM32\WINMMBASE.dll
0x00007ffb54170000 - 0x00007ffb541ba000 	C:\Windows\System32\cfgmgr32.dll
0x00007ffb53f40000 - 0x00007ffb53f51000 	C:\Windows\System32\kernel.appcore.dll
0x00007ffb3f0a0000 - 0x00007ffb3f0aa000 	C:\Program Files\Java\jdk-15\bin\jimage.dll
0x00007ffb3e3d0000 - 0x00007ffb3e5c4000 	C:\Windows\SYSTEM32\DBGHELP.DLL
0x00007ffb3e660000 - 0x00007ffb3e68a000 	C:\Windows\SYSTEM32\dbgcore.DLL
0x00007ffaca800000 - 0x00007ffaca825000 	C:\Program Files\Java\jdk-15\bin\java.dll

dbghelp: loaded successfully - version: 4.0.5 - missing functions: none
symbol engine: initialized successfully - sym options: 0x614 - pdb path: .;C:\Program Files\Java\jdk-15\bin;C:\Windows\SYSTEM32;C:\Windows\WinSxS\amd64_microsoft.windows.common-controls_6595b64144ccf1df_6.0.18362.1082_none_9e8193e1e45b25c1;C:\Program Files\Java\jdk-15\bin\server

VM Arguments:
jvm_args: -Dfile.encoding=Cp1252 -XX:+ShowCodeDetailsInExceptionMessages 
java_command: snake.Application
java_class_path (initial): D:\MINE\developer\eclipse\snake\bin
Launcher Type: SUN_STANDARD

[Global flags]
     intx CICompilerCount                          = 4                                         {product} {ergonomic}
     uint ConcGCThreads                            = 3                                         {product} {ergonomic}
     uint G1ConcRefinementThreads                  = 10                                        {product} {ergonomic}
   size_t G1HeapRegionSize                         = 2097152                                   {product} {ergonomic}
    uintx GCDrainStackTargetSize                   = 64                                        {product} {ergonomic}
   size_t InitialHeapSize                          = 266338304                                 {product} {ergonomic}
   size_t MarkStackSize                            = 4194304                                   {product} {ergonomic}
   size_t MaxHeapSize                              = 4259315712                                {product} {ergonomic}
   size_t MinHeapDeltaBytes                        = 2097152                                   {product} {ergonomic}
   size_t MinHeapSize                              = 8388608                                   {product} {ergonomic}
    uintx NonNMethodCodeHeapSize                   = 5839372                                {pd product} {ergonomic}
    uintx NonProfiledCodeHeapSize                  = 122909434                              {pd product} {ergonomic}
    uintx ProfiledCodeHeapSize                     = 122909434                              {pd product} {ergonomic}
    uintx ReservedCodeCacheSize                    = 251658240                              {pd product} {ergonomic}
     bool SegmentedCodeCache                       = true                                      {product} {ergonomic}
     bool ShowCodeDetailsInExceptionMessages       = true                                   {manageable} {command line}
   size_t SoftMaxHeapSize                          = 4259315712                             {manageable} {ergonomic}
     bool UseCompressedClassPointers               = true                                 {lp64_product} {ergonomic}
     bool UseCompressedOops                        = true                                 {lp64_product} {ergonomic}
     bool UseG1GC                                  = true                                      {product} {ergonomic}
     bool UseLargePagesIndividualAllocation        = false                                  {pd product} {ergonomic}

Logging:
Log output configuration:
 #0: stdout all=warning uptime,level,tags
 #1: stderr all=off uptime,level,tags

Environment Variables:
PATH=C:\Program Files\Common Files\Oracle\Java\javapath;C:\Program Files (x86)\Common Files\Oracle\Java\javapath;C:\Python38\Scripts\;C:\Python38\;C:\Program Files (x86)\Common Files\Intel\Shared Libraries\redist\intel64_win\compiler;C:\Windows\system32;C:\Windows;C:\Windows\System32\Wbem;C:\Windows\System32\WindowsPowerShell\v1.0\;C:\Windows\System32\OpenSSH\;C:\Program Files\nodejs\;C:\ProgramData\chocolatey\bin;C:\Program Files\Git\cmd;C:\Program Files (x86)\NVIDIA Corporation\PhysX\Common;C:\Program Files\NVIDIA Corporation\NVIDIA NvDLISR;C:\Users\mateus.borja\AppData\Local\Microsoft\WindowsApps;C:\Users\mateus.borja\AppData\Local\Programs\Microsoft VS Code\bin;C:\Users\mateus.borja\AppData\Roaming\npm;C:\flutter\bin;C:\Users\mateus.borja\AppData\Local\GitHubDesktop\bin
USERNAME=mateus.borja
OS=Windows_NT
PROCESSOR_IDENTIFIER=Intel64 Family 6 Model 158 Stepping 10, GenuineIntel



---------------  S Y S T E M  ---------------

OS:
 Windows 10 , 64 bit Build 18362 (10.0.18362.1082)
OS uptime: 6 days 13:56 hours

CPU: total 12 (initial active 12) (6 cores per cpu, 2 threads per core) family 6 model 158 stepping 10, cmov, cx8, fxsr, mmx, sse, sse2, sse3, ssse3, sse4.1, sse4.2, popcnt, vzeroupper, avx, avx2, aes, clmul, erms, 3dnowpref, lzcnt, ht, tsc, tscinvbit, bmi1, bmi2, adx, fma, clflush, clflushopt

Memory: 4k page, system-wide physical 16242M (5168M free)
TotalPageFile size 24405M (AvailPageFile size 69M)
current process WorkingSet (physical memory assigned to process): 10M, peak: 10M
current process commit charge ("private bytes"): 64M, peak: 318M

vm_info: Java HotSpot(TM) 64-Bit Server VM (15+36-1562) for windows-amd64 JRE (15+36-1562), built on Aug 11 2020 22:38:02 by "mach5one" with unknown MS VC++:1925

END.
